{
  "0 debug pnpm:scope": {
    "selected": 1,
    "workspacePrefix": "F:\\project\\node\\form-create-builder"
  },
  "1 error pnpm": {
    "errno": 1,
    "code": "ELIFECYCLE",
    "pkgid": "form-create-builder@1.0.0",
    "stage": "dev",
    "script": "tsc --build -w",
    "pkgname": "form-create-builder",
    "err": {
      "name": "pnpm",
      "message": "form-create-builder@1.0.0 dev: `tsc --build -w`\nExit status 1",
      "code": "ELIFECYCLE",
      "stack": "pnpm: form-create-builder@1.0.0 dev: `tsc --build -w`\nExit status 1\n    at EventEmitter.<anonymous> (E:\\programs\\nvm\\v16.7.0\\node_modules\\pnpm\\dist\\pnpm.cjs:106731:20)\n    at EventEmitter.emit (node:events:394:28)\n    at ChildProcess.<anonymous> (E:\\programs\\nvm\\v16.7.0\\node_modules\\pnpm\\dist\\pnpm.cjs:93300:18)\n    at ChildProcess.emit (node:events:394:28)\n    at maybeClose (node:internal/child_process:1064:16)\n    at Process.ChildProcess._handle.onexit (node:internal/child_process:301:5)"
    }
  }
}